<?xml version="1.0" encoding="UTF-8"?>
<!-- Generated by org.testng.reporters.JUnitXMLReporter -->
<testsuite ignored="0" hostname="shambuDesktop" failures="0" tests="5" name="chromeTest" time="37.601" errors="0" timestamp="2025-01-28T09:41:16 CST">
  <testcase classname="tests.TC001_LoginTest" name="verifyLogin" time="2.575"/>
  <testcase classname="tests.TC001_LoginTest" name="verifyLogin" time="3.261"/>
  <testcase classname="tests.TC001_LoginTest" name="verifyLogin" time="12.786"/>
  <testcase classname="tests.TC001_LoginTest" name="verifyLogin" time="12.523"/>
  <testcase classname="tests.TC001_LoginTest" name="verifyLogin" time="2.103"/>
</testsuite> <!-- chromeTest -->
