<?xml version="1.0" encoding="UTF-8"?>
<!-- Generated by org.testng.reporters.JUnitXMLReporter -->
<testsuite ignored="0" hostname="shambuDesktop" failures="0" tests="6" name="Test" time="46.164" errors="0" timestamp="2025-01-28T09:28:22 CST">
  <testcase classname="tests.TC002_AccountRegistrationTest" name="verify_AccountRegistration" time="2.865"/>
  <testcase classname="tests.TC001_LoginTest" name="verifyLogin" time="3.045"/>
  <testcase classname="tests.TC001_LoginTest" name="verifyLogin" time="2.276"/>
  <testcase classname="tests.TC001_LoginTest" name="verifyLogin" time="11.703"/>
  <testcase classname="tests.TC001_LoginTest" name="verifyLogin" time="11.397"/>
  <testcase classname="tests.TC001_LoginTest" name="verifyLogin" time="2.289"/>
</testsuite> <!-- Test -->
