<?xml version="1.0" encoding="UTF-8"?>
<!-- Generated by org.testng.reporters.JUnitXMLReporter -->
<testsuite ignored="0" hostname="shambuDesktop" failures="0" tests="6" name="Test" time="45.613" errors="0" timestamp="2025-01-29T01:11:17 CST">
  <testcase classname="tests.TC002_AccountRegistrationTest" name="verify_AccountRegistration" time="3.913"/>
  <testcase classname="tests.TC001_LoginTest" name="verifyLogin" time="2.213"/>
  <testcase classname="tests.TC001_LoginTest" name="verifyLogin" time="3.745"/>
  <testcase classname="tests.TC001_LoginTest" name="verifyLogin" time="12.009"/>
  <testcase classname="tests.TC001_LoginTest" name="verifyLogin" time="13.287"/>
  <testcase classname="tests.TC001_LoginTest" name="verifyLogin" time="2.783"/>
</testsuite> <!-- Test -->
