<?xml version="1.0" encoding="UTF-8"?>
<testsuite xmlns:xsi="http://www.w3.org/2001/XMLSchema-instance" xsi:noNamespaceSchemaLocation="https://maven.apache.org/surefire/maven-surefire-plugin/xsd/surefire-test-report.xsd" version="3.0.2" name="TestSuite" time="47.295" tests="6" errors="0" skipped="0" failures="0">
  <properties>
[...]
</properties>
  <testcase name="verify_AccountRegistration" classname="tests.TC002_AccountRegistrationTest" time="3.937">
    <system-err><![CDATA[Jan 29, 2025 1:10:34 AM org.openqa.selenium.devtools.CdpVersionFinder findNearestMatch
WARNING: Unable to find an exact match for CDP version 131, returning the closest version; found: 129; Please update to a Selenium version that supports CDP version 131
]]></system-err>
  </testcase>
  <testcase name="verifyLogin[{res=valid, password=3hcdp70e, username=lashonda.schamberger@yahoo.com}](1)" classname="tests.TC001_LoginTest" time="2.216">
    <system-err><![CDATA[Jan 29, 2025 1:10:41 AM org.openqa.selenium.devtools.CdpVersionFinder findNearestMatch
WARNING: Unable to find an exact match for CDP version 131, returning the closest version; found: 129; Please update to a Selenium version that supports CDP version 131
]]></system-err>
  </testcase>
  <testcase name="verifyLogin[{res=valid, password=k594ci27373, username=angelena.cassin@gmail.com}](2)" classname="tests.TC001_LoginTest" time="3.748"/>
  <testcase name="verifyLogin[{res=invalid, password=3hcdp70e, username=fgsdfgsd.schamberger@yahoo.com}](3)" classname="tests.TC001_LoginTest" time="12.009"/>
  <testcase name="verifyLogin[{res=invalid, password=3hcdp70e, username=dfgsdfg.schamberger@yahoo.com}](4)" classname="tests.TC001_LoginTest" time="13.289"/>
  <testcase name="verifyLogin[{res=valid, password=k594ci27373, username=angelena.cassin@gmail.com}](5)" classname="tests.TC001_LoginTest" time="2.784"/>
</testsuite>