<?xml version="1.0" encoding="UTF-8"?>
<testng-results ignored="0" total="6" passed="6" failed="0" skipped="0">
  <reporter-output>
  </reporter-output>
  <suite started-at="2025-01-29T01:10:31 CST" name="Suite" finished-at="2025-01-29T01:11:16 CST" duration-ms="45613">
    <groups>
      <group name="Regression">
        <method signature="TC002_AccountRegistrationTest.verify_AccountRegistration()[pri:0, instance:tests.TC002_AccountRegistrationTest@5a5338df]" name="verify_AccountRegistration" class="tests.TC002_AccountRegistrationTest"/>
      </group> <!-- Regression -->
      <group name="sanity">
        <method signature="TC001_LoginTest.verifyLogin(java.util.HashMap)[pri:0, instance:tests.TC001_LoginTest@332729ad]" name="verifyLogin" class="tests.TC001_LoginTest"/>
      </group> <!-- sanity -->
    </groups>
    <test started-at="2025-01-29T01:10:31 CST" name="Test" finished-at="2025-01-29T01:11:16 CST" duration-ms="45613">
      <class name="tests.TC001_LoginTest">
        <test-method is-config="true" signature="setup(java.lang.String,java.lang.String)[pri:0, instance:tests.TC001_LoginTest@332729ad]" started-at="2025-01-29T01:10:39 CST" name="setup" finished-at="2025-01-29T01:10:42 CST" duration-ms="2675" status="PASS">
          <params>
            <param index="0">
              <value>
                <![CDATA[Windows]]>
              </value>
            </param>
            <param index="1">
              <value>
                <![CDATA[chrome]]>
              </value>
            </param>
          </params>
          <reporter-output>
          </reporter-output>
        </test-method> <!-- setup -->
        <test-method signature="verifyLogin(java.util.HashMap)[pri:0, instance:tests.TC001_LoginTest@332729ad]" started-at="2025-01-29T01:10:42 CST" name="verifyLogin" data-provider="getData" finished-at="2025-01-29T01:10:44 CST" duration-ms="2213" status="PASS">
          <params>
            <param index="0">
              <value>
                <![CDATA[{res=valid, password=3hcdp70e, username=lashonda.schamberger@yahoo.com}]]>
              </value>
            </param>
          </params>
          <reporter-output>
          </reporter-output>
        </test-method> <!-- verifyLogin -->
        <test-method signature="verifyLogin(java.util.HashMap)[pri:0, instance:tests.TC001_LoginTest@332729ad]" started-at="2025-01-29T01:10:44 CST" name="verifyLogin" data-provider="getData" finished-at="2025-01-29T01:10:48 CST" duration-ms="3745" status="PASS">
          <params>
            <param index="0">
              <value>
                <![CDATA[{res=valid, password=k594ci27373, username=angelena.cassin@gmail.com}]]>
              </value>
            </param>
          </params>
          <reporter-output>
          </reporter-output>
        </test-method> <!-- verifyLogin -->
        <test-method signature="verifyLogin(java.util.HashMap)[pri:0, instance:tests.TC001_LoginTest@332729ad]" started-at="2025-01-29T01:10:48 CST" name="verifyLogin" data-provider="getData" finished-at="2025-01-29T01:11:00 CST" duration-ms="12009" status="PASS">
          <params>
            <param index="0">
              <value>
                <![CDATA[{res=invalid, password=3hcdp70e, username=fgsdfgsd.schamberger@yahoo.com}]]>
              </value>
            </param>
          </params>
          <reporter-output>
          </reporter-output>
        </test-method> <!-- verifyLogin -->
        <test-method signature="verifyLogin(java.util.HashMap)[pri:0, instance:tests.TC001_LoginTest@332729ad]" started-at="2025-01-29T01:11:00 CST" name="verifyLogin" data-provider="getData" finished-at="2025-01-29T01:11:13 CST" duration-ms="13287" status="PASS">
          <params>
            <param index="0">
              <value>
                <![CDATA[{res=invalid, password=3hcdp70e, username=dfgsdfg.schamberger@yahoo.com}]]>
              </value>
            </param>
          </params>
          <reporter-output>
          </reporter-output>
        </test-method> <!-- verifyLogin -->
        <test-method signature="verifyLogin(java.util.HashMap)[pri:0, instance:tests.TC001_LoginTest@332729ad]" started-at="2025-01-29T01:11:13 CST" name="verifyLogin" data-provider="getData" finished-at="2025-01-29T01:11:16 CST" duration-ms="2783" status="PASS">
          <params>
            <param index="0">
              <value>
                <![CDATA[{res=valid, password=k594ci27373, username=angelena.cassin@gmail.com}]]>
              </value>
            </param>
          </params>
          <reporter-output>
          </reporter-output>
        </test-method> <!-- verifyLogin -->
        <test-method is-config="true" signature="tearDown()[pri:0, instance:tests.TC001_LoginTest@332729ad]" started-at="2025-01-29T01:11:16 CST" name="tearDown" finished-at="2025-01-29T01:11:16 CST" duration-ms="243" status="PASS">
          <reporter-output>
          </reporter-output>
        </test-method> <!-- tearDown -->
      </class> <!-- tests.TC001_LoginTest -->
      <class name="tests.TC002_AccountRegistrationTest">
        <test-method is-config="true" signature="setup(java.lang.String,java.lang.String)[pri:0, instance:tests.TC002_AccountRegistrationTest@5a5338df]" started-at="2025-01-29T01:10:31 CST" name="setup" finished-at="2025-01-29T01:10:35 CST" duration-ms="3831" status="PASS">
          <params>
            <param index="0">
              <value>
                <![CDATA[Windows]]>
              </value>
            </param>
            <param index="1">
              <value>
                <![CDATA[chrome]]>
              </value>
            </param>
          </params>
          <reporter-output>
          </reporter-output>
        </test-method> <!-- setup -->
        <test-method signature="verify_AccountRegistration()[pri:0, instance:tests.TC002_AccountRegistrationTest@5a5338df]" started-at="2025-01-29T01:10:35 CST" name="verify_AccountRegistration" finished-at="2025-01-29T01:10:39 CST" duration-ms="3913" status="PASS">
          <reporter-output>
          </reporter-output>
        </test-method> <!-- verify_AccountRegistration -->
        <test-method is-config="true" signature="tearDown()[pri:0, instance:tests.TC002_AccountRegistrationTest@5a5338df]" started-at="2025-01-29T01:10:39 CST" name="tearDown" finished-at="2025-01-29T01:10:39 CST" duration-ms="257" status="PASS">
          <reporter-output>
          </reporter-output>
        </test-method> <!-- tearDown -->
      </class> <!-- tests.TC002_AccountRegistrationTest -->
    </test> <!-- Test -->
  </suite> <!-- Suite -->
</testng-results>
