<?xml version="1.0" encoding="UTF-8"?>
<testng-results ignored="0" total="1" passed="1" failed="0" skipped="0">
  <reporter-output>
  </reporter-output>
  <suite started-at="2025-01-29T21:50:02 CST" name="Default suite" finished-at="2025-01-29T21:50:02 CST" duration-ms="102">
    <groups>
    </groups>
    <test started-at="2025-01-29T21:50:02 CST" name="Default test" finished-at="2025-01-29T21:50:02 CST" duration-ms="102">
      <class name="tests.New_Test">
        <test-method signature="newtest()[pri:0, instance:tests.New_Test@435fb7b5]" started-at="2025-01-29T21:50:02 CST" name="newtest" finished-at="2025-01-29T21:50:02 CST" duration-ms="19" status="PASS">
          <reporter-output>
          </reporter-output>
        </test-method> <!-- newtest -->
      </class> <!-- tests.New_Test -->
    </test> <!-- Default test -->
  </suite> <!-- Default suite -->
</testng-results>
